{"error":{},"level":"error","message":"Failed to remove route","service":"SpinHub","timestamp":"2025-07-19T16:27:10.493Z"}
{"customerId":"test-customer","domain":"example.localhost","level":"info","message":"Route added","service":"RouteManager","timestamp":"2025-07-19T17:08:30.902Z"}
{"level":"info","message":"Received SIGTERM, starting graceful shutdown...","service":"SpinHub:Server","timestamp":"2025-07-19T17:10:57.850Z"}
{"level":"info","message":"Shutting down SpinHub...","service":"SpinHub","timestamp":"2025-07-19T17:10:57.852Z"}
{"level":"info","message":"SpinHub shutdown complete","service":"SpinHub","timestamp":"2025-07-19T17:10:57.855Z"}
{"level":"info","message":"Connected to Redis","service":"spinforge","timestamp":"2025-07-19T17:11:03.216Z"}
{"level":"info","message":"SpinHub listening on 0.0.0.0:8080","service":"SpinHub","timestamp":"2025-07-19T17:11:03.220Z"}
{"level":"info","message":"SpinHub started successfully","service":"SpinHub:Server","timestamp":"2025-07-19T17:11:03.220Z"}
{"error":{},"level":"error","message":"Request handling error","requestId":"SQKj7sHC37B2V780OflIY","service":"ProxyHandler","timestamp":"2025-07-19T17:15:11.663Z"}
{"error":{},"level":"error","message":"Request handling error","requestId":"Rz5nSN_XGNx7Nwdu3AVg3","service":"ProxyHandler","timestamp":"2025-07-19T17:15:43.768Z"}
{"error":{},"level":"error","message":"Request handling error","requestId":"sn0ltB2kC33XlEHmMPxNa","service":"ProxyHandler","timestamp":"2025-07-19T17:15:56.675Z"}
{"error":{},"level":"error","message":"Request handling error","requestId":"lpt0XU9M_MlTjHptslu2M","service":"ProxyHandler","timestamp":"2025-07-19T17:16:27.020Z"}
{"idleTime":"5 minutes","lastAccess":"2025-07-19T17:14:38.140Z","level":"info","message":"Stopping idle spinlet demo-test-app","service":"SpinletManager","timestamp":"2025-07-19T17:20:03.242Z"}
{"idleTime":"5 minutes","lastAccess":"2025-07-19T17:14:46.568Z","level":"info","message":"Stopping idle spinlet example-app","service":"SpinletManager","timestamp":"2025-07-19T17:20:08.256Z"}
{"error":{},"level":"error","message":"Request handling error","requestId":"IvaBq_gzEpe3PDvCXUFl7","service":"ProxyHandler","timestamp":"2025-07-19T17:25:12.067Z"}
{"error":{},"level":"error","message":"Request handling error","requestId":"6r1XJ4-M_gRtcOnRXU2su","service":"ProxyHandler","timestamp":"2025-07-19T17:25:42.376Z"}
{"error":{},"level":"error","message":"Request handling error","requestId":"Oy5wroPS8ouy93VLlAPkb","service":"ProxyHandler","timestamp":"2025-07-19T17:27:32.259Z"}
{"error":{},"level":"error","message":"Request handling error","requestId":"Z-_-Lq0HrugFRPPf9HTMt","service":"ProxyHandler","timestamp":"2025-07-19T17:27:35.457Z"}
{"dockerError":{"cmd":"docker logs spinforge-spin-1 --tail 1000 2>&1","code":1,"killed":false,"signal":null,"stderr":"","stdout":"Error response from daemon: No such container: spinforge-spin-1\n"},"level":"warn","message":"Failed to get Docker logs, using fallback","service":"SpinHub","timestamp":"2025-07-19T17:29:02.357Z"}
{"dockerError":{"cmd":"docker logs spinforge-spin-1 --tail 100 2>&1","code":1,"killed":false,"signal":null,"stderr":"","stdout":"Error response from daemon: No such container: spinforge-spin-1\n"},"level":"warn","message":"Failed to get Docker logs, using fallback","service":"SpinHub","timestamp":"2025-07-19T17:29:04.380Z"}
{"dockerError":{"cmd":"docker logs spinforge-spin-1 --tail 1000 2>&1","code":1,"killed":false,"signal":null,"stderr":"","stdout":"Error response from daemon: No such container: spinforge-spin-1\n"},"level":"warn","message":"Failed to get Docker logs, using fallback","service":"SpinHub","timestamp":"2025-07-19T17:29:10.041Z"}
{"dockerError":{"cmd":"docker logs spinforge-spin-1 --tail 100 2>&1","code":1,"killed":false,"signal":null,"stderr":"","stdout":"Error response from daemon: No such container: spinforge-spin-1\n"},"level":"warn","message":"Failed to get Docker logs, using fallback","service":"SpinHub","timestamp":"2025-07-19T17:29:12.067Z"}
{"dockerError":{"cmd":"docker logs spinforge-spin-1 --tail 100 2>&1","code":1,"killed":false,"signal":null,"stderr":"","stdout":"Error response from daemon: No such container: spinforge-spin-1\n"},"level":"warn","message":"Failed to get Docker logs, using fallback","service":"SpinHub","timestamp":"2025-07-19T17:29:14.091Z"}
{"dockerError":{"cmd":"docker logs spinforge-spin-1 --tail 100 2>&1","code":1,"killed":false,"signal":null,"stderr":"","stdout":"Error response from daemon: No such container: spinforge-spin-1\n"},"level":"warn","message":"Failed to get Docker logs, using fallback","service":"SpinHub","timestamp":"2025-07-19T17:29:16.110Z"}
{"dockerError":{"cmd":"docker logs spinforge-spin-1 --tail 100 2>&1","code":1,"killed":false,"signal":null,"stderr":"","stdout":"Error response from daemon: No such container: spinforge-spin-1\n"},"level":"warn","message":"Failed to get Docker logs, using fallback","service":"SpinHub","timestamp":"2025-07-19T17:29:18.135Z"}
{"dockerError":{"cmd":"docker logs spinforge-spin-1 --tail 100 2>&1","code":1,"killed":false,"signal":null,"stderr":"","stdout":"Error response from daemon: No such container: spinforge-spin-1\n"},"level":"warn","message":"Failed to get Docker logs, using fallback","service":"SpinHub","timestamp":"2025-07-19T17:29:20.161Z"}
{"dockerError":{"cmd":"docker logs spinforge-spin-1 --tail 100 2>&1","code":1,"killed":false,"signal":null,"stderr":"","stdout":"Error response from daemon: No such container: spinforge-spin-1\n"},"level":"warn","message":"Failed to get Docker logs, using fallback","service":"SpinHub","timestamp":"2025-07-19T17:29:22.186Z"}
{"dockerError":{"cmd":"docker logs spinforge-spin-1 --tail 100 2>&1","code":1,"killed":false,"signal":null,"stderr":"","stdout":"Error response from daemon: No such container: spinforge-spin-1\n"},"level":"warn","message":"Failed to get Docker logs, using fallback","service":"SpinHub","timestamp":"2025-07-19T17:29:24.212Z"}
{"dockerError":{"cmd":"docker logs spinforge-spin-1 --tail 100 2>&1","code":1,"killed":false,"signal":null,"stderr":"","stdout":"Error response from daemon: No such container: spinforge-spin-1\n"},"level":"warn","message":"Failed to get Docker logs, using fallback","service":"SpinHub","timestamp":"2025-07-19T17:29:26.235Z"}
{"dockerError":{"cmd":"docker logs spinforge-spin-1 --tail 100 2>&1","code":1,"killed":false,"signal":null,"stderr":"","stdout":"Error response from daemon: No such container: spinforge-spin-1\n"},"level":"warn","message":"Failed to get Docker logs, using fallback","service":"SpinHub","timestamp":"2025-07-19T17:29:28.260Z"}
{"dockerError":{"cmd":"docker logs spinforge-spin-1 --tail 100 2>&1","code":1,"killed":false,"signal":null,"stderr":"","stdout":"Error response from daemon: No such container: spinforge-spin-1\n"},"level":"warn","message":"Failed to get Docker logs, using fallback","service":"SpinHub","timestamp":"2025-07-19T17:29:30.281Z"}
{"dockerError":{"cmd":"docker logs spinforge-spin-1 --tail 100 2>&1","code":1,"killed":false,"signal":null,"stderr":"","stdout":"Error response from daemon: No such container: spinforge-spin-1\n"},"level":"warn","message":"Failed to get Docker logs, using fallback","service":"SpinHub","timestamp":"2025-07-19T17:29:32.308Z"}
{"dockerError":{"cmd":"docker logs spinforge-spin-1 --tail 100 2>&1","code":1,"killed":false,"signal":null,"stderr":"","stdout":"Error response from daemon: No such container: spinforge-spin-1\n"},"level":"warn","message":"Failed to get Docker logs, using fallback","service":"SpinHub","timestamp":"2025-07-19T17:29:34.331Z"}
{"dockerError":{"cmd":"docker logs spinforge-spin-1 --tail 100 2>&1","code":1,"killed":false,"signal":null,"stderr":"","stdout":"Error response from daemon: No such container: spinforge-spin-1\n"},"level":"warn","message":"Failed to get Docker logs, using fallback","service":"SpinHub","timestamp":"2025-07-19T17:29:36.358Z"}
{"dockerError":{"cmd":"docker logs spinforge-spin-1 --tail 100 2>&1","code":1,"killed":false,"signal":null,"stderr":"","stdout":"Error response from daemon: No such container: spinforge-spin-1\n"},"level":"warn","message":"Failed to get Docker logs, using fallback","service":"SpinHub","timestamp":"2025-07-19T17:29:38.385Z"}
{"dockerError":{"cmd":"docker logs spinforge-spin-1 --tail 100 2>&1","code":1,"killed":false,"signal":null,"stderr":"","stdout":"Error response from daemon: No such container: spinforge-spin-1\n"},"level":"warn","message":"Failed to get Docker logs, using fallback","service":"SpinHub","timestamp":"2025-07-19T17:29:40.405Z"}
{"dockerError":{"cmd":"docker logs spinforge-spin-1 --tail 100 2>&1","code":1,"killed":false,"signal":null,"stderr":"","stdout":"Error response from daemon: No such container: spinforge-spin-1\n"},"level":"warn","message":"Failed to get Docker logs, using fallback","service":"SpinHub","timestamp":"2025-07-19T17:29:42.427Z"}
{"dockerError":{"cmd":"docker logs spinforge-spin-1 --tail 100 2>&1","code":1,"killed":false,"signal":null,"stderr":"","stdout":"Error response from daemon: No such container: spinforge-spin-1\n"},"level":"warn","message":"Failed to get Docker logs, using fallback","service":"SpinHub","timestamp":"2025-07-19T17:29:44.457Z"}
{"dockerError":{"cmd":"docker logs spinforge-spin-1 --tail 100 2>&1","code":1,"killed":false,"signal":null,"stderr":"","stdout":"Error response from daemon: No such container: spinforge-spin-1\n"},"level":"warn","message":"Failed to get Docker logs, using fallback","service":"SpinHub","timestamp":"2025-07-19T17:29:46.484Z"}
{"dockerError":{"cmd":"docker logs spinforge-spin-1 --tail 100 2>&1","code":1,"killed":false,"signal":null,"stderr":"","stdout":"Error response from daemon: No such container: spinforge-spin-1\n"},"level":"warn","message":"Failed to get Docker logs, using fallback","service":"SpinHub","timestamp":"2025-07-19T17:29:48.503Z"}
{"dockerError":{"cmd":"docker logs spinforge-spin-1 --tail 100 2>&1","code":1,"killed":false,"signal":null,"stderr":"","stdout":"Error response from daemon: No such container: spinforge-spin-1\n"},"level":"warn","message":"Failed to get Docker logs, using fallback","service":"SpinHub","timestamp":"2025-07-19T17:29:50.521Z"}
{"dockerError":{"cmd":"docker logs spinforge-spin-1 --tail 100 2>&1","code":1,"killed":false,"signal":null,"stderr":"","stdout":"Error response from daemon: No such container: spinforge-spin-1\n"},"level":"warn","message":"Failed to get Docker logs, using fallback","service":"SpinHub","timestamp":"2025-07-19T17:29:52.543Z"}
{"dockerError":{"cmd":"docker logs spinforge-spin-1 --tail 100 2>&1","code":1,"killed":false,"signal":null,"stderr":"","stdout":"Error response from daemon: No such container: spinforge-spin-1\n"},"level":"warn","message":"Failed to get Docker logs, using fallback","service":"SpinHub","timestamp":"2025-07-19T17:29:54.563Z"}
{"dockerError":{"cmd":"docker logs spinforge-spin-1 --tail 100 2>&1","code":1,"killed":false,"signal":null,"stderr":"","stdout":"Error response from daemon: No such container: spinforge-spin-1\n"},"level":"warn","message":"Failed to get Docker logs, using fallback","service":"SpinHub","timestamp":"2025-07-19T17:29:56.589Z"}
{"dockerError":{"cmd":"docker logs spinforge-spin-1 --tail 100 2>&1","code":1,"killed":false,"signal":null,"stderr":"","stdout":"Error response from daemon: No such container: spinforge-spin-1\n"},"level":"warn","message":"Failed to get Docker logs, using fallback","service":"SpinHub","timestamp":"2025-07-19T17:29:58.618Z"}
{"dockerError":{"cmd":"docker logs spinforge-spin-1 --tail 100 2>&1","code":1,"killed":false,"signal":null,"stderr":"","stdout":"Error response from daemon: No such container: spinforge-spin-1\n"},"level":"warn","message":"Failed to get Docker logs, using fallback","service":"SpinHub","timestamp":"2025-07-19T17:30:00.644Z"}
{"dockerError":{"cmd":"docker logs spinforge-spin-1 --tail 100 2>&1","code":1,"killed":false,"signal":null,"stderr":"","stdout":"Error response from daemon: No such container: spinforge-spin-1\n"},"level":"warn","message":"Failed to get Docker logs, using fallback","service":"SpinHub","timestamp":"2025-07-19T17:30:02.666Z"}
{"dockerError":{"cmd":"docker logs spinforge-spin-1 --tail 100 2>&1","code":1,"killed":false,"signal":null,"stderr":"","stdout":"Error response from daemon: No such container: spinforge-spin-1\n"},"level":"warn","message":"Failed to get Docker logs, using fallback","service":"SpinHub","timestamp":"2025-07-19T17:30:04.697Z"}
{"dockerError":{"cmd":"docker logs spinforge-spin-1 --tail 100 2>&1","code":1,"killed":false,"signal":null,"stderr":"","stdout":"Error response from daemon: No such container: spinforge-spin-1\n"},"level":"warn","message":"Failed to get Docker logs, using fallback","service":"SpinHub","timestamp":"2025-07-19T17:30:06.730Z"}
{"dockerError":{"cmd":"docker logs spinforge-spin-1 --tail 100 2>&1","code":1,"killed":false,"signal":null,"stderr":"","stdout":"Error response from daemon: No such container: spinforge-spin-1\n"},"level":"warn","message":"Failed to get Docker logs, using fallback","service":"SpinHub","timestamp":"2025-07-19T17:30:08.755Z"}
{"dockerError":{"cmd":"docker logs spinforge-spin-1 --tail 100 2>&1","code":1,"killed":false,"signal":null,"stderr":"","stdout":"Error response from daemon: No such container: spinforge-spin-1\n"},"level":"warn","message":"Failed to get Docker logs, using fallback","service":"SpinHub","timestamp":"2025-07-19T17:30:10.779Z"}
{"dockerError":{"cmd":"docker logs spinforge-spin-1 --tail 100 2>&1","code":1,"killed":false,"signal":null,"stderr":"","stdout":"Error response from daemon: No such container: spinforge-spin-1\n"},"level":"warn","message":"Failed to get Docker logs, using fallback","service":"SpinHub","timestamp":"2025-07-19T17:30:12.799Z"}
{"dockerError":{"cmd":"docker logs spinforge-spin-1 --tail 100 2>&1","code":1,"killed":false,"signal":null,"stderr":"","stdout":"Error response from daemon: No such container: spinforge-spin-1\n"},"level":"warn","message":"Failed to get Docker logs, using fallback","service":"SpinHub","timestamp":"2025-07-19T17:30:14.824Z"}
{"dockerError":{"cmd":"docker logs spinforge-spin-1 --tail 100 2>&1","code":1,"killed":false,"signal":null,"stderr":"","stdout":"Error response from daemon: No such container: spinforge-spin-1\n"},"level":"warn","message":"Failed to get Docker logs, using fallback","service":"SpinHub","timestamp":"2025-07-19T17:30:16.846Z"}
{"dockerError":{"cmd":"docker logs spinforge-spin-1 --tail 100 2>&1","code":1,"killed":false,"signal":null,"stderr":"","stdout":"Error response from daemon: No such container: spinforge-spin-1\n"},"level":"warn","message":"Failed to get Docker logs, using fallback","service":"SpinHub","timestamp":"2025-07-19T17:30:18.867Z"}
{"dockerError":{"cmd":"docker logs spinforge-spin-1 --tail 100 2>&1","code":1,"killed":false,"signal":null,"stderr":"","stdout":"Error response from daemon: No such container: spinforge-spin-1\n"},"level":"warn","message":"Failed to get Docker logs, using fallback","service":"SpinHub","timestamp":"2025-07-19T17:30:20.895Z"}
{"command":"ls","execError":{"cmd":"docker exec  spinforge-example-app ls","code":1,"killed":false,"signal":null,"stderr":"Error response from daemon: No such container: spinforge-example-app\n","stdout":""},"level":"error","message":"Command execution failed","service":"SpinHub","spinletId":"example-app","timestamp":"2025-07-19T17:30:56.125Z"}
{"command":"pwd","execError":{"cmd":"docker exec  spinforge-example-app pwd","code":1,"killed":false,"signal":null,"stderr":"Error response from daemon: No such container: spinforge-example-app\n","stdout":""},"level":"error","message":"Command execution failed","service":"SpinHub","spinletId":"example-app","timestamp":"2025-07-19T17:31:06.814Z"}
{"dockerError":{"cmd":"docker logs spinforge-example-app --tail 1000 2>&1","code":1,"killed":false,"signal":null,"stderr":"","stdout":"Error response from daemon: No such container: spinforge-example-app\n"},"level":"warn","message":"Failed to get Docker logs, using fallback","service":"SpinHub","timestamp":"2025-07-19T17:31:51.064Z"}
{"idleTime":"5 minutes","lastAccess":"2025-07-19T17:26:53.115Z","level":"info","message":"Stopping idle spinlet demo-test-app","service":"SpinletManager","timestamp":"2025-07-19T17:32:03.333Z"}
